c:\users\jeyadevan\documents\visual studio 2022\projects\narasimha-karumanchi-dsa\narasimha-karumanchi-dsa\x64\debug\vc143.pdb
c:\users\jeyadevan\documents\visual studio 2022\projects\narasimha-karumanchi-dsa\narasimha-karumanchi-dsa\x64\debug\vc143.idb
c:\users\jeyadevan\documents\visual studio 2022\projects\narasimha-karumanchi-dsa\narasimha-karumanchi-dsa\x64\debug\sort.obj
c:\users\jeyadevan\documents\visual studio 2022\projects\narasimha-karumanchi-dsa\x64\debug\narasimha-karumanchi-dsa.exe
c:\users\jeyadevan\documents\visual studio 2022\projects\narasimha-karumanchi-dsa\x64\debug\narasimha-karumanchi-dsa.pdb
c:\users\jeyadevan\documents\visual studio 2022\projects\narasimha-karumanchi-dsa\narasimha-karumanchi-dsa\x64\debug\narasimha-karumanchi-dsa.ilk
c:\users\jeyadevan\desktop\repositories\personal\jeyadevan-dsa\narasimha-karumanchi-dsa\x64\debug\backtrack-binary.obj
c:\users\jeyadevan\desktop\repositories\personal\jeyadevan-dsa\narasimha-karumanchi-dsa\x64\debug\backtrack_n_string.obj
c:\users\jeyadevan\desktop\repositories\personal\jeyadevan-dsa\narasimha-karumanchi-dsa\x64\debug\checkissorted.obj
c:\users\jeyadevan\desktop\repositories\personal\jeyadevan-dsa\narasimha-karumanchi-dsa\x64\debug\dequeue.obj
c:\users\jeyadevan\desktop\repositories\personal\jeyadevan-dsa\narasimha-karumanchi-dsa\x64\debug\factorial.obj
c:\users\jeyadevan\desktop\repositories\personal\jeyadevan-dsa\narasimha-karumanchi-dsa\x64\debug\list.obj
c:\users\jeyadevan\desktop\repositories\personal\jeyadevan-dsa\narasimha-karumanchi-dsa\x64\debug\map.obj
c:\users\jeyadevan\desktop\repositories\personal\jeyadevan-dsa\narasimha-karumanchi-dsa\x64\debug\misc.obj
c:\users\jeyadevan\desktop\repositories\personal\jeyadevan-dsa\narasimha-karumanchi-dsa\x64\debug\multiset.obj
c:\users\jeyadevan\desktop\repositories\personal\jeyadevan-dsa\narasimha-karumanchi-dsa\x64\debug\narasimha-karumanchi-dsa.obj
c:\users\jeyadevan\desktop\repositories\personal\jeyadevan-dsa\narasimha-karumanchi-dsa\x64\debug\next_permutation.obj
c:\users\jeyadevan\desktop\repositories\personal\jeyadevan-dsa\narasimha-karumanchi-dsa\x64\debug\pair.obj
c:\users\jeyadevan\desktop\repositories\personal\jeyadevan-dsa\narasimha-karumanchi-dsa\x64\debug\pattern1.obj
c:\users\jeyadevan\desktop\repositories\personal\jeyadevan-dsa\narasimha-karumanchi-dsa\x64\debug\pattern10.obj
c:\users\jeyadevan\desktop\repositories\personal\jeyadevan-dsa\narasimha-karumanchi-dsa\x64\debug\pattern11.obj
c:\users\jeyadevan\desktop\repositories\personal\jeyadevan-dsa\narasimha-karumanchi-dsa\x64\debug\pattern12.obj
c:\users\jeyadevan\desktop\repositories\personal\jeyadevan-dsa\narasimha-karumanchi-dsa\x64\debug\pattern13.obj
c:\users\jeyadevan\desktop\repositories\personal\jeyadevan-dsa\narasimha-karumanchi-dsa\x64\debug\pattern14.obj
c:\users\jeyadevan\desktop\repositories\personal\jeyadevan-dsa\narasimha-karumanchi-dsa\x64\debug\pattern15.obj
c:\users\jeyadevan\desktop\repositories\personal\jeyadevan-dsa\narasimha-karumanchi-dsa\x64\debug\pattern16.obj
c:\users\jeyadevan\desktop\repositories\personal\jeyadevan-dsa\narasimha-karumanchi-dsa\x64\debug\pattern17.obj
c:\users\jeyadevan\desktop\repositories\personal\jeyadevan-dsa\narasimha-karumanchi-dsa\x64\debug\pattern18.obj
c:\users\jeyadevan\desktop\repositories\personal\jeyadevan-dsa\narasimha-karumanchi-dsa\x64\debug\pattern19.obj
c:\users\jeyadevan\desktop\repositories\personal\jeyadevan-dsa\narasimha-karumanchi-dsa\x64\debug\pattern2.obj
c:\users\jeyadevan\desktop\repositories\personal\jeyadevan-dsa\narasimha-karumanchi-dsa\x64\debug\pattern22.obj
c:\users\jeyadevan\desktop\repositories\personal\jeyadevan-dsa\narasimha-karumanchi-dsa\x64\debug\pattern3.obj
c:\users\jeyadevan\desktop\repositories\personal\jeyadevan-dsa\narasimha-karumanchi-dsa\x64\debug\pattern4.obj
c:\users\jeyadevan\desktop\repositories\personal\jeyadevan-dsa\narasimha-karumanchi-dsa\x64\debug\pattern5.obj
c:\users\jeyadevan\desktop\repositories\personal\jeyadevan-dsa\narasimha-karumanchi-dsa\x64\debug\pattern6.obj
c:\users\jeyadevan\desktop\repositories\personal\jeyadevan-dsa\narasimha-karumanchi-dsa\x64\debug\pattern7.obj
c:\users\jeyadevan\desktop\repositories\personal\jeyadevan-dsa\narasimha-karumanchi-dsa\x64\debug\pattern8.obj
c:\users\jeyadevan\desktop\repositories\personal\jeyadevan-dsa\narasimha-karumanchi-dsa\x64\debug\pattern9.obj
c:\users\jeyadevan\desktop\repositories\personal\jeyadevan-dsa\narasimha-karumanchi-dsa\x64\debug\priorityqueue.obj
c:\users\jeyadevan\desktop\repositories\personal\jeyadevan-dsa\narasimha-karumanchi-dsa\x64\debug\queue.obj
c:\users\jeyadevan\desktop\repositories\personal\jeyadevan-dsa\narasimha-karumanchi-dsa\x64\debug\set.obj
c:\users\jeyadevan\desktop\repositories\personal\jeyadevan-dsa\narasimha-karumanchi-dsa\x64\debug\singly-linked-list.obj
c:\users\jeyadevan\desktop\repositories\personal\jeyadevan-dsa\narasimha-karumanchi-dsa\x64\debug\sort.obj
c:\users\jeyadevan\desktop\repositories\personal\jeyadevan-dsa\narasimha-karumanchi-dsa\x64\debug\tower-of-hanoi.obj
c:\users\jeyadevan\desktop\repositories\personal\jeyadevan-dsa\narasimha-karumanchi-dsa\x64\debug\unorderedset.obj
c:\users\jeyadevan\desktop\repositories\personal\jeyadevan-dsa\narasimha-karumanchi-dsa\x64\debug\unordered_map.obj
c:\users\jeyadevan\desktop\repositories\personal\jeyadevan-dsa\narasimha-karumanchi-dsa\x64\debug\unordered_multimap.obj
c:\users\jeyadevan\desktop\repositories\personal\jeyadevan-dsa\narasimha-karumanchi-dsa\x64\debug\unordered_multiset.obj
c:\users\jeyadevan\desktop\repositories\personal\jeyadevan-dsa\narasimha-karumanchi-dsa\x64\debug\vector.obj
c:\users\jeyadevan\desktop\repositories\personal\jeyadevan-dsa\narasimha-karumanchi-dsa\x64\debug\narasimha-karumanchi-dsa.ilk
c:\users\jeyadevan\desktop\repositories\personal\jeyadevan-dsa\narasimha-karumanchi-dsa\x64\debug\vc143.idb
c:\users\jeyadevan\desktop\repositories\personal\jeyadevan-dsa\narasimha-karumanchi-dsa\x64\debug\vc143.pdb
c:\users\jeyadevan\desktop\repositories\personal\jeyadevan-dsa\x64\debug\narasimha-karumanchi-dsa.pdb
c:\users\jeyadevan\desktop\repositories\personal\jeyadevan-dsa\x64\debug\narasimha-karumanchi-dsa.exe
c:\users\jeyadevan\desktop\repositories\personal\jeyadevan-dsa\narasimha-karumanchi-dsa\x64\debug\narasimh.197b663b.tlog\cl.command.1.tlog
c:\users\jeyadevan\desktop\repositories\personal\jeyadevan-dsa\narasimha-karumanchi-dsa\x64\debug\narasimh.197b663b.tlog\cl.items.tlog
c:\users\jeyadevan\desktop\repositories\personal\jeyadevan-dsa\narasimha-karumanchi-dsa\x64\debug\narasimh.197b663b.tlog\cl.read.1.tlog
c:\users\jeyadevan\desktop\repositories\personal\jeyadevan-dsa\narasimha-karumanchi-dsa\x64\debug\narasimh.197b663b.tlog\cl.write.1.tlog
c:\users\jeyadevan\desktop\repositories\personal\jeyadevan-dsa\narasimha-karumanchi-dsa\x64\debug\narasimh.197b663b.tlog\link.command.1.tlog
c:\users\jeyadevan\desktop\repositories\personal\jeyadevan-dsa\narasimha-karumanchi-dsa\x64\debug\narasimh.197b663b.tlog\link.read.1.tlog
c:\users\jeyadevan\desktop\repositories\personal\jeyadevan-dsa\narasimha-karumanchi-dsa\x64\debug\narasimh.197b663b.tlog\link.secondary.1.tlog
c:\users\jeyadevan\desktop\repositories\personal\jeyadevan-dsa\narasimha-karumanchi-dsa\x64\debug\narasimh.197b663b.tlog\link.write.1.tlog
